<?xml version="1.0" encoding="UTF-8"?>
<!-- Generated by org.testng.reporters.JUnitReportReporter -->
<testsuite hostname="Yusuf" failures="0" tests="1" name="testcase.Signup_page" time="17.744" errors="0" timestamp="2023-08-05T17:48:29 BDT" skipped="0">
  <testcase classname="testcase.Signup_page" name="test_case_4" time="17.744"/>
  <system-out/>
</testsuite> <!-- testcase.Signup_page -->
