<?xml version="1.0" encoding="UTF-8"?>
<!-- Generated by org.testng.reporters.JUnitReportReporter -->
<testsuite hostname="Yusuf" failures="0" tests="1" name="testcase.test_with_wrong_mail" time="10.083" errors="0" timestamp="2023-04-06T12:06:20 BDT" skipped="0">
  <testcase classname="testcase.test_with_wrong_mail" name="without_number" time="10.083"/>
  <system-out/>
</testsuite> <!-- testcase.test_with_wrong_mail -->
