<?xml version="1.0" encoding="UTF-8"?>
<!-- Generated by org.testng.reporters.JUnitReportReporter -->
<testsuite hostname="Yusuf" failures="0" tests="1" name="testcase.test_sign" time="2.990" errors="0" timestamp="2023-04-04T16:19:35 BDT" skipped="0">
  <testcase classname="testcase.test_sign" name="cpass" time="2.990"/>
  <system-out/>
</testsuite> <!-- testcase.test_sign -->
