<?xml version="1.0" encoding="UTF-8"?>
<!-- Generated by org.testng.reporters.JUnitReportReporter -->
<testsuite hostname="Yusuf" failures="0" tests="1" name="testcase.test_with_wrong_mail" time="6.166" errors="0" timestamp="2023-06-24T22:08:56 BDT" skipped="0">
  <testcase classname="testcase.test_with_wrong_mail" name="without_number" time="6.166"/>
  <system-out/>
</testsuite> <!-- testcase.test_with_wrong_mail -->
