<?xml version="1.0" encoding="UTF-8"?>
<!-- Generated by org.testng.reporters.JUnitReportReporter -->
<testsuite hostname="Yusuf" failures="0" tests="1" name="testcase.test_signpage_without_number" time="7.493" errors="0" timestamp="2023-04-06T12:00:51 BDT" skipped="0">
  <testcase classname="testcase.test_signpage_without_number" name="without_number" time="7.493"/>
  <system-out/>
</testsuite> <!-- testcase.test_signpage_without_number -->
