<?xml version="1.0" encoding="UTF-8"?>
<!-- Generated by org.testng.reporters.JUnitReportReporter -->
<testsuite hostname="Yusuf" failures="0" tests="1" name="testcase.test_signpage_without_number" time="9.110" errors="0" timestamp="2023-04-18T22:53:00 BDT" skipped="0">
  <testcase classname="testcase.test_signpage_without_number" name="without_number" time="9.110"/>
  <system-out/>
</testsuite> <!-- testcase.test_signpage_without_number -->
