<?xml version="1.0" encoding="UTF-8"?>
<!-- Generated by org.testng.reporters.JUnitReportReporter -->
<testsuite hostname="Yusuf" failures="0" tests="1" name="testcase.order_test" time="13.265" errors="0" timestamp="2023-06-24T22:08:56 BDT" skipped="0">
  <testcase classname="testcase.order_test" name="test" time="13.265"/>
  <system-out/>
</testsuite> <!-- testcase.order_test -->
