<?xml version="1.0" encoding="UTF-8"?>
<!-- Generated by org.testng.reporters.JUnitReportReporter -->
<testsuite hostname="Yusuf" failures="0" tests="7" name="testcase.test_sign" time="21.895" errors="0" timestamp="2023-06-24T22:08:56 BDT" skipped="0">
  <testcase classname="testcase.test_sign" name="last_name" time="3.591"/>
  <system-out/>
  <testcase classname="testcase.test_sign" name="cpass" time="2.867"/>
  <system-out/>
  <testcase classname="testcase.test_sign" name="first_name" time="3.715"/>
  <system-out/>
  <testcase classname="testcase.test_sign" name="mobile_number" time="3.577"/>
  <system-out/>
  <testcase classname="testcase.test_sign" name="test" time="0.761"/>
  <system-out/>
  <testcase classname="testcase.test_sign" name="pass" time="3.781"/>
  <system-out/>
  <testcase classname="testcase.test_sign" name="mail" time="3.603"/>
  <system-out/>
</testsuite> <!-- testcase.test_sign -->
