<?xml version="1.0" encoding="UTF-8"?>
<!-- Generated by org.testng.reporters.JUnitReportReporter -->
<testsuite hostname="Yusuf" failures="0" tests="1" name="testcase.Login_page_test" time="72.242" errors="0" timestamp="2023-08-05T21:38:08 BDT" skipped="0">
  <testcase classname="testcase.Login_page_test" name="Test_case2" time="72.242"/>
  <system-out/>
</testsuite> <!-- testcase.Login_page_test -->
