<?xml version="1.0" encoding="UTF-8"?>
<!-- Generated by org.testng.reporters.JUnitReportReporter -->
<testsuite hostname="Yusuf" failures="0" tests="7" name="testcase.test_sign" time="25.430" errors="0" timestamp="2023-04-18T22:53:00 BDT" skipped="0">
  <testcase classname="testcase.test_sign" name="first_name" time="3.703"/>
  <system-out/>
  <testcase classname="testcase.test_sign" name="last_name" time="3.933"/>
  <system-out/>
  <testcase classname="testcase.test_sign" name="mail" time="3.767"/>
  <system-out/>
  <testcase classname="testcase.test_sign" name="cpass" time="5.500"/>
  <system-out/>
  <testcase classname="testcase.test_sign" name="pass" time="3.896"/>
  <system-out/>
  <testcase classname="testcase.test_sign" name="test" time="0.806"/>
  <system-out/>
  <testcase classname="testcase.test_sign" name="mobile_number" time="3.825"/>
  <system-out/>
</testsuite> <!-- testcase.test_sign -->
