<?xml version="1.0" encoding="UTF-8"?>
<!-- Generated by org.testng.reporters.JUnitReportReporter -->
<testsuite hostname="Yusuf" failures="0" tests="7" name="testcase.test_sign" time="21.891" errors="0" timestamp="2023-04-19T00:46:46 BDT" skipped="0">
  <testcase classname="testcase.test_sign" name="first_name" time="3.676"/>
  <system-out/>
  <testcase classname="testcase.test_sign" name="last_name" time="3.658"/>
  <system-out/>
  <testcase classname="testcase.test_sign" name="mobile_number" time="3.670"/>
  <system-out/>
  <testcase classname="testcase.test_sign" name="cpass" time="2.647"/>
  <system-out/>
  <testcase classname="testcase.test_sign" name="mail" time="3.716"/>
  <system-out/>
  <testcase classname="testcase.test_sign" name="pass" time="3.626"/>
  <system-out/>
  <testcase classname="testcase.test_sign" name="test" time="0.898"/>
  <system-out/>
</testsuite> <!-- testcase.test_sign -->
