<?xml version="1.0" encoding="UTF-8"?>
<!-- Generated by org.testng.reporters.JUnitReportReporter -->
<testsuite hostname="Yusuf" failures="0" tests="1" name="testcase.test_signpage_without_number" time="5.897" errors="0" timestamp="2023-04-19T00:46:46 BDT" skipped="0">
  <testcase classname="testcase.test_signpage_without_number" name="without_number" time="5.897"/>
  <system-out/>
</testsuite> <!-- testcase.test_signpage_without_number -->
